<?xml version="1.0" encoding="UTF-8"?>
<!-- Generated by org.testng.reporters.JUnitReportReporter -->
<testsuite hostname="SeenaReddy" failures="0" tests="1" name="testScenarios.ValidationCommandDemo" time="12.226" errors="0" timestamp="2023-04-28T19:58:23 CDT" skipped="0">
  <testcase classname="testScenarios.ValidationCommandDemo" name="tc03" time="12.226"/>
  <system-out/>
</testsuite> <!-- testScenarios.ValidationCommandDemo -->
