<?xml version="1.0" encoding="UTF-8"?>
<!-- Generated by org.testng.reporters.JUnitReportReporter -->
<testsuite hostname="SeenaReddy" failures="0" tests="1" name="testScenarios.Assignment5" time="25.755" errors="0" timestamp="2023-04-24T20:28:33 CDT" skipped="0">
  <testcase classname="testScenarios.Assignment5" name="f" time="25.755"/>
  <system-out/>
</testsuite> <!-- testScenarios.Assignment5 -->
