<?xml version="1.0" encoding="UTF-8"?>
<!-- Generated by org.testng.reporters.JUnitReportReporter -->
<testsuite hostname="SeenaReddy" failures="0" tests="1" name="testScenarios.AlertHandleDemo" time="55.385" errors="0" timestamp="2023-04-28T20:14:12 CDT" skipped="0">
  <testcase classname="testScenarios.AlertHandleDemo" name="f" time="55.385"/>
  <system-out/>
</testsuite> <!-- testScenarios.AlertHandleDemo -->
