<?xml version="1.0" encoding="UTF-8"?>
<!-- Generated by org.testng.reporters.JUnitReportReporter -->
<testsuite hostname="SeenaReddy" failures="0" tests="1" name="testScenarios.DropdownDemo" time="7.699" errors="0" timestamp="2023-04-20T20:05:43 CDT" skipped="0">
  <testcase classname="testScenarios.DropdownDemo" name="f" time="7.699"/>
  <system-out/>
</testsuite> <!-- testScenarios.DropdownDemo -->
