<?xml version="1.0" encoding="UTF-8"?>
<!-- Generated by org.testng.reporters.JUnitReportReporter -->
<testsuite hostname="SeenaReddy" failures="0" tests="1" name="testScenarios.TestJavaClass" time="2.444" errors="0" timestamp="2023-04-20T19:33:35 CDT" skipped="0">
  <testcase classname="testScenarios.TestJavaClass" name="fbLogin" time="2.444"/>
  <system-out/>
</testsuite> <!-- testScenarios.TestJavaClass -->
