<?xml version="1.0" encoding="UTF-8"?>
<!-- Generated by org.testng.reporters.JUnitReportReporter -->
<testsuite hostname="SeenaReddy" failures="0" tests="1" name="testScenarios.GoogleHyperLink" time="5.252" errors="0" timestamp="2023-04-20T19:43:53 CDT" skipped="0">
  <testcase classname="testScenarios.GoogleHyperLink" name="f" time="5.252"/>
  <system-out/>
</testsuite> <!-- testScenarios.GoogleHyperLink -->
