<?xml version="1.0" encoding="UTF-8"?>
<!-- Generated by org.testng.reporters.JUnitReportReporter -->
<testsuite hostname="SeenaReddy" failures="0" tests="1" name="testScenarios.HyperLinksHandle" time="10.420" errors="0" timestamp="2023-04-20T19:37:56 CDT" skipped="0">
  <testcase classname="testScenarios.HyperLinksHandle" name="f" time="10.420"/>
  <system-out/>
</testsuite> <!-- testScenarios.HyperLinksHandle -->
