<?xml version="1.0" encoding="UTF-8"?>
<!-- Generated by org.testng.reporters.JUnitReportReporter -->
<testsuite hostname="SeenaReddy" failures="0" tests="5" name="testScenarios.NewTestDemo" time="0.011" errors="0" timestamp="2023-04-26T20:24:35 CDT" skipped="0">
  <testcase classname="testScenarios.NewTestDemo" name="sonia1" time="0.007"/>
  <system-out/>
  <testcase classname="testScenarios.NewTestDemo" name="sonia4" time="0.001"/>
  <system-out/>
  <testcase classname="testScenarios.NewTestDemo" name="sonia5" time="0.001"/>
  <system-out/>
  <testcase classname="testScenarios.NewTestDemo" name="sonia2" time="0.001"/>
  <system-out/>
  <testcase classname="testScenarios.NewTestDemo" name="sonia3" time="0.001"/>
  <system-out/>
</testsuite> <!-- testScenarios.NewTestDemo -->
