<?xml version="1.0" encoding="UTF-8"?>
<!-- Generated by org.testng.reporters.JUnitReportReporter -->
<testsuite hostname="SeenaReddy" failures="0" tests="1" name="testScenarios.MegaBus" time="10.335" errors="0" timestamp="2023-05-04T19:58:58 CDT" skipped="0">
  <testcase classname="testScenarios.MegaBus" name="f" time="10.335"/>
  <system-out/>
</testsuite> <!-- testScenarios.MegaBus -->
