<?xml version="1.0" encoding="UTF-8"?>
<!-- Generated by org.testng.reporters.JUnitReportReporter -->
<testsuite hostname="SeenaReddy" failures="0" tests="1" name="testScenarios.PHPtravels" time="12.135" errors="0" timestamp="2023-05-02T19:53:05 CDT" skipped="0">
  <testcase classname="testScenarios.PHPtravels" name="f" time="12.135"/>
  <system-out/>
</testsuite> <!-- testScenarios.PHPtravels -->
