<?xml version="1.0" encoding="UTF-8"?>
<!-- Generated by org.testng.reporters.JUnitReportReporter -->
<testsuite hostname="SeenaReddy" failures="0" tests="1" name="testScenarios.CloseVsQuit" time="13.767" errors="0" timestamp="2023-04-26T19:43:45 CDT" skipped="0">
  <testcase classname="testScenarios.CloseVsQuit" name="f" time="13.767"/>
  <system-out/>
</testsuite> <!-- testScenarios.CloseVsQuit -->
