<?xml version="1.0" encoding="UTF-8"?>
<!-- Generated by org.testng.reporters.JUnitReportReporter -->
<testsuite hostname="SeenaReddy" failures="0" tests="3" name="testScenarios.CrossBrowserTesting_DropdownDemo" time="19.837" errors="0" timestamp="2023-05-02T20:12:06 CDT" skipped="0">
  <testcase classname="testScenarios.CrossBrowserTesting_DropdownDemo" name="f" time="6.226"/>
  <system-out/>
  <testcase classname="testScenarios.CrossBrowserTesting_DropdownDemo" name="f" time="7.756"/>
  <system-out/>
  <testcase classname="testScenarios.CrossBrowserTesting_DropdownDemo" name="f" time="5.855"/>
  <system-out/>
</testsuite> <!-- testScenarios.CrossBrowserTesting_DropdownDemo -->
