<?xml version="1.0" encoding="UTF-8"?>
<!-- Generated by org.testng.reporters.JUnitReportReporter -->
<testsuite hostname="SeenaReddy" failures="0" tests="1" name="testScenarios.JRI_login" time="9.858" errors="0" timestamp="2023-05-02T19:53:05 CDT" skipped="0">
  <testcase classname="testScenarios.JRI_login" name="f" time="9.858"/>
  <system-out/>
</testsuite> <!-- testScenarios.JRI_login -->
