<?xml version="1.0" encoding="UTF-8"?>
<!-- Generated by org.testng.reporters.JUnitReportReporter -->
<testsuite hostname="SeenaReddy" failures="0" tests="1" name="testScenarios.TestDemo" time="0.014" errors="0" timestamp="2023-04-18T19:23:28 CDT" skipped="0">
  <testcase classname="testScenarios.TestDemo" name="f" time="0.014"/>
  <system-out/>
</testsuite> <!-- testScenarios.TestDemo -->
