<?xml version="1.0" encoding="UTF-8"?>
<!-- Generated by org.testng.reporters.JUnitReportReporter -->
<testsuite hostname="SeenaReddy" failures="0" tests="2" name="testScenarios.GetText_Demo" time="15.136" errors="0" timestamp="2023-04-26T19:57:07 CDT" skipped="0">
  <testcase classname="testScenarios.GetText_Demo" name="tc_02_fb" time="2.055"/>
  <system-out/>
  <testcase classname="testScenarios.GetText_Demo" name="tc_01_clg" time="13.081"/>
  <system-out/>
</testsuite> <!-- testScenarios.GetText_Demo -->
