<?xml version="1.0" encoding="UTF-8"?>
<!-- Generated by org.testng.reporters.JUnitReportReporter -->
<testsuite hostname="SeenaReddy" failures="0" tests="1" name="testScenarios.DropdownDemo" time="11.228" errors="0" timestamp="2023-05-02T19:59:38 CDT" skipped="0">
  <testcase classname="testScenarios.DropdownDemo" name="f" time="11.228"/>
  <system-out/>
</testsuite> <!-- testScenarios.DropdownDemo -->
