<?xml version="1.0" encoding="UTF-8"?>
<!-- Generated by org.testng.reporters.JUnitReportReporter -->
<testsuite hostname="SeenaReddy" failures="0" tests="1" name="testScenarios.JRI_login" time="9.294" errors="0" timestamp="2023-04-18T20:16:28 CDT" skipped="0">
  <testcase classname="testScenarios.JRI_login" name="f" time="9.294"/>
  <system-out/>
</testsuite> <!-- testScenarios.JRI_login -->
