<?xml version="1.0" encoding="UTF-8"?>
<!-- Generated by org.testng.reporters.JUnitReportReporter -->
<testsuite hostname="SeenaReddy" failures="0" tests="1" name="testScenarios.OrangeHRM" time="15.065" errors="0" timestamp="2023-04-19T19:39:18 CDT" skipped="0">
  <testcase classname="testScenarios.OrangeHRM" name="f" time="15.065"/>
  <system-out/>
</testsuite> <!-- testScenarios.OrangeHRM -->
