<?xml version="1.0" encoding="UTF-8"?>
<!-- Generated by org.testng.reporters.JUnitReportReporter -->
<testsuite hostname="SeenaReddy" failures="0" tests="1" name="testScenarios.ValidationCommandDemo" time="10.681" errors="0" timestamp="2023-05-02T19:53:05 CDT" skipped="0">
  <testcase classname="testScenarios.ValidationCommandDemo" name="tc03" time="10.681"/>
  <system-out/>
</testsuite> <!-- testScenarios.ValidationCommandDemo -->
