<?xml version="1.0" encoding="UTF-8"?>
<!-- Generated by org.testng.reporters.JUnitReportReporter -->
<testsuite hostname="SeenaReddy" failures="0" tests="1" name="testScenarios.OrangeHRM" time="11.338" errors="0" timestamp="2023-05-02T19:53:05 CDT" skipped="0">
  <testcase classname="testScenarios.OrangeHRM" name="f" time="11.338"/>
  <system-out/>
</testsuite> <!-- testScenarios.OrangeHRM -->
