<?xml version="1.0" encoding="UTF-8"?>
<!-- Generated by org.testng.reporters.JUnitReportReporter -->
<testsuite hostname="SeenaReddy" failures="0" tests="1" name="testScenarios.NavigationalMethods" time="17.913" errors="0" timestamp="2023-05-17T20:01:30 CDT" skipped="0">
  <testcase classname="testScenarios.NavigationalMethods" name="f" time="17.913"/>
  <system-out/>
</testsuite> <!-- testScenarios.NavigationalMethods -->
