<?xml version="1.0" encoding="UTF-8"?>
<!-- Generated by org.testng.reporters.JUnitReportReporter -->
<testsuite hostname="SeenaReddy" failures="0" tests="1" name="dataDrivenFramework.FB_login" time="6.564" errors="0" timestamp="2023-05-10T20:17:00 CDT" skipped="0">
  <testcase classname="dataDrivenFramework.FB_login" name="f" time="6.564"/>
  <system-out/>
</testsuite> <!-- dataDrivenFramework.FB_login -->
