<?xml version="1.0" encoding="UTF-8"?>
<!-- Generated by org.testng.reporters.JUnitReportReporter -->
<testsuite hostname="SeenaReddy" failures="0" tests="1" name="testScenarios.NavigationalMethods" time="15.490" errors="0" timestamp="2023-04-26T20:07:09 CDT" skipped="0">
  <testcase classname="testScenarios.NavigationalMethods" name="f" time="15.490"/>
  <system-out/>
</testsuite> <!-- testScenarios.NavigationalMethods -->
