<?xml version="1.0" encoding="UTF-8"?>
<!-- Generated by org.testng.reporters.JUnitReportReporter -->
<testsuite hostname="SeenaReddy" failures="0" tests="1" name="testScenarios.PHPtravels" time="14.154" errors="0" timestamp="2023-04-24T19:50:46 CDT" skipped="0">
  <testcase classname="testScenarios.PHPtravels" name="f" time="14.154"/>
  <system-out/>
</testsuite> <!-- testScenarios.PHPtravels -->
