<?xml version="1.0" encoding="UTF-8"?>
<!-- Generated by org.testng.reporters.JUnitReportReporter -->
<testsuite hostname="SeenaReddy" failures="0" tests="5" name="testScenarios.NewTestDemo" time="0.005" errors="0" timestamp="2023-05-02T19:53:05 CDT" skipped="0">
  <testcase classname="testScenarios.NewTestDemo" name="sonia1" time="0.000"/>
  <system-out/>
  <testcase classname="testScenarios.NewTestDemo" name="sonia4" time="0.001"/>
  <system-out/>
  <testcase classname="testScenarios.NewTestDemo" name="sonia5" time="0.002"/>
  <system-out/>
  <testcase classname="testScenarios.NewTestDemo" name="sonia2" time="0.001"/>
  <system-out/>
  <testcase classname="testScenarios.NewTestDemo" name="sonia3" time="0.001"/>
  <system-out/>
</testsuite> <!-- testScenarios.NewTestDemo -->
