<?xml version="1.0" encoding="UTF-8"?>
<!-- Generated by org.testng.reporters.JUnitReportReporter -->
<testsuite hostname="SeenaReddy" failures="0" tests="1" name="testScenarios.Assignment5" time="25.232" errors="0" timestamp="2023-05-02T19:53:05 CDT" skipped="0">
  <testcase classname="testScenarios.Assignment5" name="f" time="25.232"/>
  <system-out/>
</testsuite> <!-- testScenarios.Assignment5 -->
