<?xml version="1.0" encoding="UTF-8"?>
<!-- Generated by org.testng.reporters.JUnitReportReporter -->
<testsuite hostname="SeenaReddy" failures="0" tests="1" name="dataDrivenFramework.ReadMultipleRownsAndColumnsFromExcel" time="62.047" errors="0" timestamp="2023-05-11T20:26:09 CDT" skipped="0">
  <testcase classname="dataDrivenFramework.ReadMultipleRownsAndColumnsFromExcel" name="fbResting" time="62.047"/>
  <system-out/>
</testsuite> <!-- dataDrivenFramework.ReadMultipleRownsAndColumnsFromExcel -->
