<?xml version="1.0" encoding="UTF-8"?>
<!-- Generated by org.testng.reporters.JUnitReportReporter -->
<testsuite hostname="SeenaReddy" failures="0" tests="1" name="dataDrivenFramework.WriteTheTestData" time="1.288" errors="0" timestamp="2023-05-11T19:53:57 CDT" skipped="0">
  <testcase classname="dataDrivenFramework.WriteTheTestData" name="f" time="1.288"/>
  <system-out/>
</testsuite> <!-- dataDrivenFramework.WriteTheTestData -->
