<?xml version="1.0" encoding="UTF-8"?>
<!-- Generated by org.testng.reporters.JUnitReportReporter -->
<testsuite hostname="SeenaReddy" failures="0" tests="2" name="testScenarios.GetText_Demo" time="14.186" errors="0" timestamp="2023-05-02T19:53:05 CDT" skipped="0">
  <testcase classname="testScenarios.GetText_Demo" name="tc_01_clg" time="12.707"/>
  <system-out/>
  <testcase classname="testScenarios.GetText_Demo" name="tc_02_fb" time="1.479"/>
  <system-out/>
</testsuite> <!-- testScenarios.GetText_Demo -->
